2023-09-21 00:09:11.191 DEBUG 8996 --- [restartedMain] o.springframework.web.filter.CorsFilter  : Filter 'corsFilter' configured for use
2023-09-21 00:09:11.651 DEBUG 8996 --- [restartedMain] s.w.s.m.m.a.RequestMappingHandlerAdapter : ControllerAdvice beans: 0 @ModelAttribute, 0 @InitBinder, 1 RequestBodyAdvice, 1 ResponseBodyAdvice
2023-09-21 00:09:11.726 DEBUG 8996 --- [restartedMain] s.w.s.m.m.a.RequestMappingHandlerMapping : 3 mappings in 'requestMappingHandlerMapping'
2023-09-21 00:09:11.746 DEBUG 8996 --- [restartedMain] o.s.w.s.handler.SimpleUrlHandlerMapping  : Patterns [/webjars/**, /**] in 'resourceHandlerMapping'
2023-09-21 00:09:11.754 DEBUG 8996 --- [restartedMain] .m.m.a.ExceptionHandlerExceptionResolver : ControllerAdvice beans: 0 @ExceptionHandler, 1 ResponseBodyAdvice
2023-09-21 00:11:26.056  INFO 8996 --- [http-nio-8080-exec-7] o.s.web.servlet.DispatcherServlet        : Initializing Servlet 'dispatcherServlet'
2023-09-21 00:11:26.057 DEBUG 8996 --- [http-nio-8080-exec-7] o.s.web.servlet.DispatcherServlet        : Detected StandardServletMultipartResolver
2023-09-21 00:11:26.057 DEBUG 8996 --- [http-nio-8080-exec-7] o.s.web.servlet.DispatcherServlet        : Detected AcceptHeaderLocaleResolver
2023-09-21 00:11:26.058 DEBUG 8996 --- [http-nio-8080-exec-7] o.s.web.servlet.DispatcherServlet        : Detected FixedThemeResolver
2023-09-21 00:11:26.061 DEBUG 8996 --- [http-nio-8080-exec-7] o.s.web.servlet.DispatcherServlet        : Detected org.springframework.web.servlet.view.DefaultRequestToViewNameTranslator@6ab41538
2023-09-21 00:11:26.062 DEBUG 8996 --- [http-nio-8080-exec-7] o.s.web.servlet.DispatcherServlet        : Detected org.springframework.web.servlet.support.SessionFlashMapManager@5b5324cb
2023-09-21 00:11:26.063 DEBUG 8996 --- [http-nio-8080-exec-7] o.s.web.servlet.DispatcherServlet        : enableLoggingRequestDetails='false': request parameters and headers will be masked to prevent unsafe logging of potentially sensitive data
2023-09-21 00:11:26.063  INFO 8996 --- [http-nio-8080-exec-7] o.s.web.servlet.DispatcherServlet        : Completed initialization in 6 ms
2023-09-21 00:11:26.096 DEBUG 8996 --- [http-nio-8080-exec-7] o.s.web.servlet.DispatcherServlet        : GET "/api/v1/student", parameters={}
2023-09-21 00:11:26.103 DEBUG 8996 --- [http-nio-8080-exec-7] o.s.w.s.handler.SimpleUrlHandlerMapping  : Mapped to ResourceHttpRequestHandler [classpath [META-INF/resources/], classpath [resources/], classpath [static/], classpath [public/], ServletContext [/]]
2023-09-21 00:11:26.105 DEBUG 8996 --- [http-nio-8080-exec-7] o.s.w.s.r.ResourceHttpRequestHandler     : Resource not found
2023-09-21 00:11:26.105 DEBUG 8996 --- [http-nio-8080-exec-7] o.s.web.servlet.DispatcherServlet        : Completed 404 NOT_FOUND
2023-09-21 00:11:26.108 DEBUG 8996 --- [http-nio-8080-exec-7] o.s.web.servlet.DispatcherServlet        : "ERROR" dispatch for GET "/error", parameters={}
2023-09-21 00:11:26.110 DEBUG 8996 --- [http-nio-8080-exec-7] s.w.s.m.m.a.RequestMappingHandlerMapping : Mapped to org.springframework.boot.autoconfigure.web.servlet.error.BasicErrorController#errorHtml(HttpServletRequest, HttpServletResponse)
2023-09-21 00:11:26.125 DEBUG 8996 --- [http-nio-8080-exec-7] o.s.w.s.v.ContentNegotiatingViewResolver : Selected 'text/html' given [text/html, text/html;q=0.8]
2023-09-21 00:11:26.128 DEBUG 8996 --- [http-nio-8080-exec-7] o.s.web.servlet.DispatcherServlet        : Exiting from "ERROR" dispatch, status 404
2023-09-21 00:11:27.091 DEBUG 8996 --- [http-nio-8080-exec-9] o.s.web.servlet.DispatcherServlet        : GET "/favicon.ico", parameters={}
2023-09-21 00:11:27.092 DEBUG 8996 --- [http-nio-8080-exec-9] o.s.w.s.handler.SimpleUrlHandlerMapping  : Mapped to ResourceHttpRequestHandler [classpath [META-INF/resources/], classpath [resources/], classpath [static/], classpath [public/], ServletContext [/]]
2023-09-21 00:11:27.095 DEBUG 8996 --- [http-nio-8080-exec-9] o.s.w.s.r.ResourceHttpRequestHandler     : Resource not found
2023-09-21 00:11:27.095 DEBUG 8996 --- [http-nio-8080-exec-9] o.s.web.servlet.DispatcherServlet        : Completed 404 NOT_FOUND
2023-09-21 00:11:27.097 DEBUG 8996 --- [http-nio-8080-exec-9] o.s.web.servlet.DispatcherServlet        : "ERROR" dispatch for GET "/error", parameters={}
2023-09-21 00:11:27.097 DEBUG 8996 --- [http-nio-8080-exec-9] s.w.s.m.m.a.RequestMappingHandlerMapping : Mapped to org.springframework.boot.autoconfigure.web.servlet.error.BasicErrorController#error(HttpServletRequest)
2023-09-21 00:11:27.110 DEBUG 8996 --- [http-nio-8080-exec-9] o.s.w.s.m.m.a.HttpEntityMethodProcessor  : Using 'application/json;q=0.8', given [image/avif, image/webp, image/apng, image/svg+xml, image/*, */*;q=0.8] and supported [application/json, application/*+json, application/json, application/*+json]
2023-09-21 00:11:27.111 DEBUG 8996 --- [http-nio-8080-exec-9] o.s.w.s.m.m.a.HttpEntityMethodProcessor  : Writing [{timestamp=Thu Sep 21 00:11:27 ICT 2023, status=404, error=Not Found, message=No message available,  (truncated)...]
2023-09-21 00:11:27.144 DEBUG 8996 --- [http-nio-8080-exec-9] o.s.web.servlet.DispatcherServlet        : Exiting from "ERROR" dispatch, status 404
2023-09-21 00:12:07.744 DEBUG 8996 --- [http-nio-8080-exec-1] o.s.web.servlet.DispatcherServlet        : POST "/api/v1/register", parameters={}
2023-09-21 00:12:07.746 DEBUG 8996 --- [http-nio-8080-exec-1] s.w.s.m.m.a.RequestMappingHandlerMapping : Mapped to DSTA.Security.LoginSecurity.Controller.UserController#register(UserRegisterDto)
2023-09-21 00:12:07.774 DEBUG 8996 --- [http-nio-8080-exec-1] m.m.a.RequestResponseBodyMethodProcessor : Read "application/json;charset=UTF-8" to [DSTA.Security.LoginSecurity.Dto.UserRegisterDto@746a67dd]
2023-09-21 00:12:07.803 DEBUG 8996 --- [http-nio-8080-exec-1] m.m.a.RequestResponseBodyMethodProcessor : Using 'application/json', given [*/*] and supported [application/json, application/*+json, application/json, application/*+json]
2023-09-21 00:12:07.803 DEBUG 8996 --- [http-nio-8080-exec-1] m.m.a.RequestResponseBodyMethodProcessor : Writing [DSTA.Security.LoginSecurity.Entity.response.DataResponse@19c39e1b]
2023-09-21 00:12:07.804 DEBUG 8996 --- [http-nio-8080-exec-1] o.s.web.servlet.DispatcherServlet        : Completed 200 OK
2023-09-21 00:13:18.141 DEBUG 8996 --- [http-nio-8080-exec-4] o.s.web.servlet.DispatcherServlet        : POST "/api/v1/register", parameters={}
2023-09-21 00:13:18.142 DEBUG 8996 --- [http-nio-8080-exec-4] s.w.s.m.m.a.RequestMappingHandlerMapping : Mapped to DSTA.Security.LoginSecurity.Controller.UserController#register(UserRegisterDto)
2023-09-21 00:13:18.142 DEBUG 8996 --- [http-nio-8080-exec-4] m.m.a.RequestResponseBodyMethodProcessor : Read "application/json;charset=UTF-8" to [DSTA.Security.LoginSecurity.Dto.UserRegisterDto@2270a1bb]
2023-09-21 00:14:18.060 DEBUG 8996 --- [http-nio-8080-exec-4] m.m.a.RequestResponseBodyMethodProcessor : Using 'application/json', given [*/*] and supported [application/json, application/*+json, application/json, application/*+json]
2023-09-21 00:14:18.061 DEBUG 8996 --- [http-nio-8080-exec-4] m.m.a.RequestResponseBodyMethodProcessor : Writing [DSTA.Security.LoginSecurity.Entity.response.DataResponse@45fb19a8]
2023-09-21 00:14:59.939 DEBUG 8996 --- [http-nio-8080-exec-4] o.s.web.servlet.DispatcherServlet        : Completed 200 OK
2023-09-21 00:16:56.363 DEBUG 13920 --- [restartedMain] o.springframework.web.filter.CorsFilter  : Filter 'corsFilter' configured for use
2023-09-21 00:17:20.164 DEBUG 13920 --- [restartedMain] s.w.s.m.m.a.RequestMappingHandlerAdapter : ControllerAdvice beans: 0 @ModelAttribute, 0 @InitBinder, 1 RequestBodyAdvice, 1 ResponseBodyAdvice
2023-09-21 00:17:20.219 DEBUG 13920 --- [restartedMain] s.w.s.m.m.a.RequestMappingHandlerMapping : 3 mappings in 'requestMappingHandlerMapping'
2023-09-21 00:17:20.243 DEBUG 13920 --- [restartedMain] o.s.w.s.handler.SimpleUrlHandlerMapping  : Patterns [/webjars/**, /**] in 'resourceHandlerMapping'
2023-09-21 00:17:20.254 DEBUG 13920 --- [restartedMain] .m.m.a.ExceptionHandlerExceptionResolver : ControllerAdvice beans: 0 @ExceptionHandler, 1 ResponseBodyAdvice
2023-09-21 00:17:25.950 DEBUG 1784 --- [restartedMain] o.springframework.web.filter.CorsFilter  : Filter 'corsFilter' configured for use
2023-09-21 00:18:34.100 DEBUG 1784 --- [restartedMain] s.w.s.m.m.a.RequestMappingHandlerAdapter : ControllerAdvice beans: 0 @ModelAttribute, 0 @InitBinder, 1 RequestBodyAdvice, 1 ResponseBodyAdvice
2023-09-21 00:18:39.829 DEBUG 1784 --- [restartedMain] s.w.s.m.m.a.RequestMappingHandlerMapping : 3 mappings in 'requestMappingHandlerMapping'
2023-09-21 00:18:44.527 DEBUG 1784 --- [restartedMain] o.s.w.s.handler.SimpleUrlHandlerMapping  : Patterns [/webjars/**, /**] in 'resourceHandlerMapping'
2023-09-21 00:18:46.103 DEBUG 1784 --- [restartedMain] .m.m.a.ExceptionHandlerExceptionResolver : ControllerAdvice beans: 0 @ExceptionHandler, 1 ResponseBodyAdvice
2023-09-21 00:19:38.710 DEBUG 14372 --- [restartedMain] o.springframework.web.filter.CorsFilter  : Filter 'corsFilter' configured for use
2023-09-21 00:20:07.385 DEBUG 14372 --- [restartedMain] s.w.s.m.m.a.RequestMappingHandlerAdapter : ControllerAdvice beans: 0 @ModelAttribute, 0 @InitBinder, 1 RequestBodyAdvice, 1 ResponseBodyAdvice
2023-09-21 00:20:07.605 DEBUG 14372 --- [restartedMain] s.w.s.m.m.a.RequestMappingHandlerMapping : 3 mappings in 'requestMappingHandlerMapping'
2023-09-21 00:20:07.659 DEBUG 14372 --- [restartedMain] o.s.w.s.handler.SimpleUrlHandlerMapping  : Patterns [/webjars/**, /**] in 'resourceHandlerMapping'
2023-09-21 00:20:07.674 DEBUG 14372 --- [restartedMain] .m.m.a.ExceptionHandlerExceptionResolver : ControllerAdvice beans: 0 @ExceptionHandler, 1 ResponseBodyAdvice
2023-09-21 00:20:14.957  INFO 14372 --- [http-nio-8080-exec-1] o.s.web.servlet.DispatcherServlet        : Initializing Servlet 'dispatcherServlet'
2023-09-21 00:20:14.958 DEBUG 14372 --- [http-nio-8080-exec-1] o.s.web.servlet.DispatcherServlet        : Detected StandardServletMultipartResolver
2023-09-21 00:20:14.958 DEBUG 14372 --- [http-nio-8080-exec-1] o.s.web.servlet.DispatcherServlet        : Detected AcceptHeaderLocaleResolver
2023-09-21 00:20:14.958 DEBUG 14372 --- [http-nio-8080-exec-1] o.s.web.servlet.DispatcherServlet        : Detected FixedThemeResolver
2023-09-21 00:20:14.959 DEBUG 14372 --- [http-nio-8080-exec-1] o.s.web.servlet.DispatcherServlet        : Detected org.springframework.web.servlet.view.DefaultRequestToViewNameTranslator@6ac59ba6
2023-09-21 00:20:14.959 DEBUG 14372 --- [http-nio-8080-exec-1] o.s.web.servlet.DispatcherServlet        : Detected org.springframework.web.servlet.support.SessionFlashMapManager@1e0e7721
2023-09-21 00:20:14.959 DEBUG 14372 --- [http-nio-8080-exec-1] o.s.web.servlet.DispatcherServlet        : enableLoggingRequestDetails='false': request parameters and headers will be masked to prevent unsafe logging of potentially sensitive data
2023-09-21 00:20:14.959  INFO 14372 --- [http-nio-8080-exec-1] o.s.web.servlet.DispatcherServlet        : Completed initialization in 1 ms
2023-09-21 00:20:14.982 DEBUG 14372 --- [http-nio-8080-exec-1] o.s.web.servlet.DispatcherServlet        : POST "/api/v1/register", parameters={}
2023-09-21 00:20:14.987 DEBUG 14372 --- [http-nio-8080-exec-1] s.w.s.m.m.a.RequestMappingHandlerMapping : Mapped to DSTA.Security.LoginSecurity.Controller.UserController#register(UserRegisterDto)
2023-09-21 00:20:15.044 DEBUG 14372 --- [http-nio-8080-exec-1] m.m.a.RequestResponseBodyMethodProcessor : Read "application/json;charset=UTF-8" to [DSTA.Security.LoginSecurity.Dto.UserRegisterDto@54df1c0c]
2023-09-21 00:21:18.954 DEBUG 14372 --- [http-nio-8080-exec-1] m.m.a.RequestResponseBodyMethodProcessor : Using 'application/json', given [*/*] and supported [application/json, application/*+json, application/json, application/*+json]
2023-09-21 00:21:18.955 DEBUG 14372 --- [http-nio-8080-exec-1] m.m.a.RequestResponseBodyMethodProcessor : Writing [DSTA.Security.LoginSecurity.Entity.response.DataResponse@49414ed]
2023-09-21 00:21:18.963 DEBUG 14372 --- [http-nio-8080-exec-1] o.s.web.servlet.DispatcherServlet        : Completed 200 OK
2023-09-21 00:22:04.675 DEBUG 14372 --- [http-nio-8080-exec-3] o.s.web.servlet.DispatcherServlet        : POST "/api/v1/register", parameters={}
2023-09-21 00:22:04.676 DEBUG 14372 --- [http-nio-8080-exec-3] s.w.s.m.m.a.RequestMappingHandlerMapping : Mapped to DSTA.Security.LoginSecurity.Controller.UserController#register(UserRegisterDto)
2023-09-21 00:22:04.678 DEBUG 14372 --- [http-nio-8080-exec-3] m.m.a.RequestResponseBodyMethodProcessor : Read "application/json;charset=UTF-8" to [DSTA.Security.LoginSecurity.Dto.UserRegisterDto@5cfa1eef]
2023-09-21 00:39:24.429 DEBUG 14372 --- [http-nio-8080-exec-3] m.m.a.RequestResponseBodyMethodProcessor : Using 'application/json', given [*/*] and supported [application/json, application/*+json, application/json, application/*+json]
2023-09-21 00:39:24.431 DEBUG 14372 --- [http-nio-8080-exec-3] m.m.a.RequestResponseBodyMethodProcessor : Writing [DSTA.Security.LoginSecurity.Entity.response.DataResponse@44e8c946]
2023-09-21 00:39:27.065 DEBUG 14372 --- [http-nio-8080-exec-3] o.s.web.servlet.DispatcherServlet        : Completed 200 OK
2023-09-21 00:41:21.064 DEBUG 14372 --- [http-nio-8080-exec-6] o.s.web.servlet.DispatcherServlet        : POST "/api/v1/register", parameters={}
2023-09-21 00:41:21.065 DEBUG 14372 --- [http-nio-8080-exec-6] s.w.s.m.m.a.RequestMappingHandlerMapping : Mapped to DSTA.Security.LoginSecurity.Controller.UserController#register(UserRegisterDto)
2023-09-21 00:41:21.067 DEBUG 14372 --- [http-nio-8080-exec-6] m.m.a.RequestResponseBodyMethodProcessor : Read "application/json;charset=UTF-8" to [DSTA.Security.LoginSecurity.Dto.UserRegisterDto@5f9e1599]
2023-09-21 00:41:21.072 DEBUG 14372 --- [http-nio-8080-exec-6] m.m.a.RequestResponseBodyMethodProcessor : Using 'application/json', given [*/*] and supported [application/json, application/*+json, application/json, application/*+json]
2023-09-21 00:41:21.072 DEBUG 14372 --- [http-nio-8080-exec-6] m.m.a.RequestResponseBodyMethodProcessor : Writing [DSTA.Security.LoginSecurity.Entity.response.DataResponse@77e8651]
2023-09-21 00:41:21.073 DEBUG 14372 --- [http-nio-8080-exec-6] o.s.web.servlet.DispatcherServlet        : Completed 200 OK
2023-09-21 00:41:29.226 DEBUG 14372 --- [http-nio-8080-exec-7] o.s.web.servlet.DispatcherServlet        : POST "/api/v1/register", parameters={}
2023-09-21 00:41:29.227 DEBUG 14372 --- [http-nio-8080-exec-7] s.w.s.m.m.a.RequestMappingHandlerMapping : Mapped to DSTA.Security.LoginSecurity.Controller.UserController#register(UserRegisterDto)
2023-09-21 00:41:29.228 DEBUG 14372 --- [http-nio-8080-exec-7] m.m.a.RequestResponseBodyMethodProcessor : Read "application/json;charset=UTF-8" to [DSTA.Security.LoginSecurity.Dto.UserRegisterDto@71529263]
2023-09-21 00:41:29.230 DEBUG 14372 --- [http-nio-8080-exec-7] m.m.a.RequestResponseBodyMethodProcessor : Using 'application/json', given [*/*] and supported [application/json, application/*+json, application/json, application/*+json]
2023-09-21 00:41:29.230 DEBUG 14372 --- [http-nio-8080-exec-7] m.m.a.RequestResponseBodyMethodProcessor : Writing [DSTA.Security.LoginSecurity.Entity.response.DataResponse@fdc81dc]
2023-09-21 00:41:29.231 DEBUG 14372 --- [http-nio-8080-exec-7] o.s.web.servlet.DispatcherServlet        : Completed 200 OK
2023-09-21 00:43:30.664 DEBUG 17184 --- [restartedMain] o.springframework.web.filter.CorsFilter  : Filter 'corsFilter' configured for use
2023-09-21 00:43:31.003 DEBUG 17184 --- [restartedMain] s.w.s.m.m.a.RequestMappingHandlerAdapter : ControllerAdvice beans: 0 @ModelAttribute, 0 @InitBinder, 1 RequestBodyAdvice, 1 ResponseBodyAdvice
2023-09-21 00:43:31.053 DEBUG 17184 --- [restartedMain] s.w.s.m.m.a.RequestMappingHandlerMapping : 3 mappings in 'requestMappingHandlerMapping'
2023-09-21 00:43:31.070 DEBUG 17184 --- [restartedMain] o.s.w.s.handler.SimpleUrlHandlerMapping  : Patterns [/webjars/**, /**] in 'resourceHandlerMapping'
2023-09-21 00:43:31.078 DEBUG 17184 --- [restartedMain] .m.m.a.ExceptionHandlerExceptionResolver : ControllerAdvice beans: 0 @ExceptionHandler, 1 ResponseBodyAdvice
2023-09-21 00:43:39.512  INFO 17184 --- [http-nio-8080-exec-1] o.s.web.servlet.DispatcherServlet        : Initializing Servlet 'dispatcherServlet'
2023-09-21 00:43:39.512 DEBUG 17184 --- [http-nio-8080-exec-1] o.s.web.servlet.DispatcherServlet        : Detected StandardServletMultipartResolver
2023-09-21 00:43:39.512 DEBUG 17184 --- [http-nio-8080-exec-1] o.s.web.servlet.DispatcherServlet        : Detected AcceptHeaderLocaleResolver
2023-09-21 00:43:39.512 DEBUG 17184 --- [http-nio-8080-exec-1] o.s.web.servlet.DispatcherServlet        : Detected FixedThemeResolver
2023-09-21 00:43:39.513 DEBUG 17184 --- [http-nio-8080-exec-1] o.s.web.servlet.DispatcherServlet        : Detected org.springframework.web.servlet.view.DefaultRequestToViewNameTranslator@24b65f94
2023-09-21 00:43:39.513 DEBUG 17184 --- [http-nio-8080-exec-1] o.s.web.servlet.DispatcherServlet        : Detected org.springframework.web.servlet.support.SessionFlashMapManager@4733aa49
2023-09-21 00:43:39.513 DEBUG 17184 --- [http-nio-8080-exec-1] o.s.web.servlet.DispatcherServlet        : enableLoggingRequestDetails='false': request parameters and headers will be masked to prevent unsafe logging of potentially sensitive data
2023-09-21 00:43:39.513  INFO 17184 --- [http-nio-8080-exec-1] o.s.web.servlet.DispatcherServlet        : Completed initialization in 1 ms
2023-09-21 00:43:39.529 DEBUG 17184 --- [http-nio-8080-exec-1] o.s.web.servlet.DispatcherServlet        : POST "/api/v1/register", parameters={}
2023-09-21 00:43:39.532 DEBUG 17184 --- [http-nio-8080-exec-1] s.w.s.m.m.a.RequestMappingHandlerMapping : Mapped to DSTA.Security.LoginSecurity.Controller.UserController#register(UserRegisterDto)
2023-09-21 00:43:39.575 DEBUG 17184 --- [http-nio-8080-exec-1] m.m.a.RequestResponseBodyMethodProcessor : Read "application/json;charset=UTF-8" to [DSTA.Security.LoginSecurity.Dto.UserRegisterDto@2c5c6d1d]
2023-09-21 00:43:39.680 DEBUG 17184 --- [http-nio-8080-exec-1] org.hibernate.SQL                        : insert into user (authority, date, email, name, password, tel, user_name) values (?, ?, ?, ?, ?, ?, ?)
2023-09-21 00:43:39.743 DEBUG 17184 --- [http-nio-8080-exec-1] m.m.a.RequestResponseBodyMethodProcessor : Using 'application/json', given [*/*] and supported [application/json, application/*+json, application/json, application/*+json]
2023-09-21 00:43:39.744 DEBUG 17184 --- [http-nio-8080-exec-1] m.m.a.RequestResponseBodyMethodProcessor : Writing [DSTA.Security.LoginSecurity.Entity.response.DataResponse@1157cf5d]
2023-09-21 00:43:39.758 DEBUG 17184 --- [http-nio-8080-exec-1] o.s.web.servlet.DispatcherServlet        : Completed 200 OK
2023-09-21 00:45:37.558 DEBUG 17184 --- [http-nio-8080-exec-5] o.s.web.servlet.DispatcherServlet        : POST "/api/v1/register", parameters={}
2023-09-21 00:45:37.559 DEBUG 17184 --- [http-nio-8080-exec-5] s.w.s.m.m.a.RequestMappingHandlerMapping : Mapped to DSTA.Security.LoginSecurity.Controller.UserController#register(UserRegisterDto)
2023-09-21 00:45:37.560 DEBUG 17184 --- [http-nio-8080-exec-5] m.m.a.RequestResponseBodyMethodProcessor : Read "application/json;charset=UTF-8" to [DSTA.Security.LoginSecurity.Dto.UserRegisterDto@581e748e]
2023-09-21 00:45:37.562 DEBUG 17184 --- [http-nio-8080-exec-5] m.m.a.RequestResponseBodyMethodProcessor : Using 'application/json', given [*/*] and supported [application/json, application/*+json, application/json, application/*+json]
2023-09-21 00:45:37.562 DEBUG 17184 --- [http-nio-8080-exec-5] m.m.a.RequestResponseBodyMethodProcessor : Writing [DSTA.Security.LoginSecurity.Entity.response.DataResponse@26399fba]
2023-09-21 00:45:37.563 DEBUG 17184 --- [http-nio-8080-exec-5] o.s.web.servlet.DispatcherServlet        : Completed 200 OK
2023-09-21 00:46:01.544 DEBUG 17184 --- [http-nio-8080-exec-6] o.s.web.servlet.DispatcherServlet        : POST "/api/v1/register", parameters={}
2023-09-21 00:46:01.545 DEBUG 17184 --- [http-nio-8080-exec-6] s.w.s.m.m.a.RequestMappingHandlerMapping : Mapped to DSTA.Security.LoginSecurity.Controller.UserController#register(UserRegisterDto)
2023-09-21 00:46:01.546 DEBUG 17184 --- [http-nio-8080-exec-6] m.m.a.RequestResponseBodyMethodProcessor : Read "application/json;charset=UTF-8" to [DSTA.Security.LoginSecurity.Dto.UserRegisterDto@945097d]
2023-09-21 00:46:01.548 DEBUG 17184 --- [http-nio-8080-exec-6] m.m.a.RequestResponseBodyMethodProcessor : Using 'application/json', given [*/*] and supported [application/json, application/*+json, application/json, application/*+json]
2023-09-21 00:46:01.549 DEBUG 17184 --- [http-nio-8080-exec-6] m.m.a.RequestResponseBodyMethodProcessor : Writing [DSTA.Security.LoginSecurity.Entity.response.DataResponse@77b36a5c]
2023-09-21 00:46:01.549 DEBUG 17184 --- [http-nio-8080-exec-6] o.s.web.servlet.DispatcherServlet        : Completed 200 OK
2023-09-21 00:47:20.986 DEBUG 6328 --- [restartedMain] o.springframework.web.filter.CorsFilter  : Filter 'corsFilter' configured for use
2023-09-21 00:47:21.295 DEBUG 6328 --- [restartedMain] s.w.s.m.m.a.RequestMappingHandlerAdapter : ControllerAdvice beans: 0 @ModelAttribute, 0 @InitBinder, 1 RequestBodyAdvice, 1 ResponseBodyAdvice
2023-09-21 00:47:21.342 DEBUG 6328 --- [restartedMain] s.w.s.m.m.a.RequestMappingHandlerMapping : 3 mappings in 'requestMappingHandlerMapping'
2023-09-21 00:47:21.361 DEBUG 6328 --- [restartedMain] o.s.w.s.handler.SimpleUrlHandlerMapping  : Patterns [/webjars/**, /**] in 'resourceHandlerMapping'
2023-09-21 00:47:21.368 DEBUG 6328 --- [restartedMain] .m.m.a.ExceptionHandlerExceptionResolver : ControllerAdvice beans: 0 @ExceptionHandler, 1 ResponseBodyAdvice
2023-09-21 00:47:23.983  INFO 6328 --- [http-nio-8080-exec-2] o.s.web.servlet.DispatcherServlet        : Initializing Servlet 'dispatcherServlet'
2023-09-21 00:47:23.984 DEBUG 6328 --- [http-nio-8080-exec-2] o.s.web.servlet.DispatcherServlet        : Detected StandardServletMultipartResolver
2023-09-21 00:47:23.984 DEBUG 6328 --- [http-nio-8080-exec-2] o.s.web.servlet.DispatcherServlet        : Detected AcceptHeaderLocaleResolver
2023-09-21 00:47:23.984 DEBUG 6328 --- [http-nio-8080-exec-2] o.s.web.servlet.DispatcherServlet        : Detected FixedThemeResolver
2023-09-21 00:47:23.984 DEBUG 6328 --- [http-nio-8080-exec-2] o.s.web.servlet.DispatcherServlet        : Detected org.springframework.web.servlet.view.DefaultRequestToViewNameTranslator@4dd00900
2023-09-21 00:47:23.985 DEBUG 6328 --- [http-nio-8080-exec-2] o.s.web.servlet.DispatcherServlet        : Detected org.springframework.web.servlet.support.SessionFlashMapManager@52696ff5
2023-09-21 00:47:23.985 DEBUG 6328 --- [http-nio-8080-exec-2] o.s.web.servlet.DispatcherServlet        : enableLoggingRequestDetails='false': request parameters and headers will be masked to prevent unsafe logging of potentially sensitive data
2023-09-21 00:47:23.985  INFO 6328 --- [http-nio-8080-exec-2] o.s.web.servlet.DispatcherServlet        : Completed initialization in 2 ms
2023-09-21 00:47:24.001 DEBUG 6328 --- [http-nio-8080-exec-2] o.s.web.servlet.DispatcherServlet        : POST "/api/v1/register", parameters={}
2023-09-21 00:47:24.003 DEBUG 6328 --- [http-nio-8080-exec-2] s.w.s.m.m.a.RequestMappingHandlerMapping : Mapped to DSTA.Security.LoginSecurity.Controller.UserController#register(UserRegisterDto)
2023-09-21 00:47:24.046 DEBUG 6328 --- [http-nio-8080-exec-2] m.m.a.RequestResponseBodyMethodProcessor : Read "application/json;charset=UTF-8" to [DSTA.Security.LoginSecurity.Dto.UserRegisterDto@67642900]
2023-09-21 00:47:24.157 DEBUG 6328 --- [http-nio-8080-exec-2] org.hibernate.SQL                        : insert into user (authority, date, email, name, password, tel, user_name) values (?, ?, ?, ?, ?, ?, ?)
2023-09-21 00:47:24.186 DEBUG 6328 --- [http-nio-8080-exec-2] m.m.a.RequestResponseBodyMethodProcessor : Using 'application/json', given [*/*] and supported [application/json, application/*+json, application/json, application/*+json]
2023-09-21 00:47:24.187 DEBUG 6328 --- [http-nio-8080-exec-2] m.m.a.RequestResponseBodyMethodProcessor : Writing [DSTA.Security.LoginSecurity.Entity.response.DataResponse@24b4ed9]
2023-09-21 00:47:24.197 DEBUG 6328 --- [http-nio-8080-exec-2] o.s.web.servlet.DispatcherServlet        : Completed 200 OK
2023-09-21 10:52:40.882 DEBUG 18644 --- [restartedMain] o.springframework.web.filter.CorsFilter  : Filter 'corsFilter' configured for use
2023-09-21 10:52:41.254 DEBUG 18644 --- [restartedMain] s.w.s.m.m.a.RequestMappingHandlerAdapter : ControllerAdvice beans: 0 @ModelAttribute, 0 @InitBinder, 1 RequestBodyAdvice, 1 ResponseBodyAdvice
2023-09-21 10:52:41.320 DEBUG 18644 --- [restartedMain] s.w.s.m.m.a.RequestMappingHandlerMapping : 3 mappings in 'requestMappingHandlerMapping'
2023-09-21 10:52:41.341 DEBUG 18644 --- [restartedMain] o.s.w.s.handler.SimpleUrlHandlerMapping  : Patterns [/webjars/**, /**] in 'resourceHandlerMapping'
2023-09-21 10:52:41.351 DEBUG 18644 --- [restartedMain] .m.m.a.ExceptionHandlerExceptionResolver : ControllerAdvice beans: 0 @ExceptionHandler, 1 ResponseBodyAdvice
2023-09-21 10:53:14.954  INFO 18644 --- [http-nio-8080-exec-2] o.s.web.servlet.DispatcherServlet        : Initializing Servlet 'dispatcherServlet'
2023-09-21 10:53:14.955 DEBUG 18644 --- [http-nio-8080-exec-2] o.s.web.servlet.DispatcherServlet        : Detected StandardServletMultipartResolver
2023-09-21 10:53:14.955 DEBUG 18644 --- [http-nio-8080-exec-2] o.s.web.servlet.DispatcherServlet        : Detected AcceptHeaderLocaleResolver
2023-09-21 10:53:14.955 DEBUG 18644 --- [http-nio-8080-exec-2] o.s.web.servlet.DispatcherServlet        : Detected FixedThemeResolver
2023-09-21 10:53:14.956 DEBUG 18644 --- [http-nio-8080-exec-2] o.s.web.servlet.DispatcherServlet        : Detected org.springframework.web.servlet.view.DefaultRequestToViewNameTranslator@ca4720e
2023-09-21 10:53:14.956 DEBUG 18644 --- [http-nio-8080-exec-2] o.s.web.servlet.DispatcherServlet        : Detected org.springframework.web.servlet.support.SessionFlashMapManager@66e6eac7
2023-09-21 10:53:14.956 DEBUG 18644 --- [http-nio-8080-exec-2] o.s.web.servlet.DispatcherServlet        : enableLoggingRequestDetails='false': request parameters and headers will be masked to prevent unsafe logging of potentially sensitive data
2023-09-21 10:53:14.957  INFO 18644 --- [http-nio-8080-exec-2] o.s.web.servlet.DispatcherServlet        : Completed initialization in 2 ms
2023-09-21 10:53:14.976 DEBUG 18644 --- [http-nio-8080-exec-2] o.s.web.servlet.DispatcherServlet        : POST "/api/v1/register", parameters={}
2023-09-21 10:53:14.979 DEBUG 18644 --- [http-nio-8080-exec-2] s.w.s.m.m.a.RequestMappingHandlerMapping : Mapped to DSTA.Security.LoginSecurity.Controller.UserController#register(UserRegisterDto)
2023-09-21 10:53:15.029 DEBUG 18644 --- [http-nio-8080-exec-2] m.m.a.RequestResponseBodyMethodProcessor : Read "application/json;charset=UTF-8" to [DSTA.Security.LoginSecurity.Dto.UserRegisterDto@78ac7b5e]
2023-09-21 10:53:15.174 DEBUG 18644 --- [http-nio-8080-exec-2] org.hibernate.SQL                        : insert into user (authority, date, email, name, password, tel, user_name) values (?, ?, ?, ?, ?, ?, ?)
2023-09-21 10:53:15.235 DEBUG 18644 --- [http-nio-8080-exec-2] m.m.a.RequestResponseBodyMethodProcessor : Using 'application/json', given [*/*] and supported [application/json, application/*+json, application/json, application/*+json]
2023-09-21 10:53:15.236 DEBUG 18644 --- [http-nio-8080-exec-2] m.m.a.RequestResponseBodyMethodProcessor : Writing [DSTA.Security.LoginSecurity.Entity.response.DataResponse@1ea328c9]
2023-09-21 10:53:15.252 DEBUG 18644 --- [http-nio-8080-exec-2] o.s.web.servlet.DispatcherServlet        : Completed 200 OK
2023-09-21 11:08:18.305 DEBUG 19448 --- [restartedMain] o.springframework.web.filter.CorsFilter  : Filter 'corsFilter' configured for use
2023-09-21 11:08:18.807 DEBUG 19448 --- [restartedMain] s.w.s.m.m.a.RequestMappingHandlerAdapter : ControllerAdvice beans: 0 @ModelAttribute, 0 @InitBinder, 1 RequestBodyAdvice, 1 ResponseBodyAdvice
2023-09-21 11:08:18.880 DEBUG 19448 --- [restartedMain] s.w.s.m.m.a.RequestMappingHandlerMapping : 4 mappings in 'requestMappingHandlerMapping'
2023-09-21 11:08:18.901 DEBUG 19448 --- [restartedMain] o.s.w.s.handler.SimpleUrlHandlerMapping  : Patterns [/webjars/**, /**] in 'resourceHandlerMapping'
2023-09-21 11:08:18.918 DEBUG 19448 --- [restartedMain] .m.m.a.ExceptionHandlerExceptionResolver : ControllerAdvice beans: 0 @ExceptionHandler, 1 ResponseBodyAdvice
2023-09-21 11:09:52.178  INFO 19448 --- [http-nio-8080-exec-1] o.s.web.servlet.DispatcherServlet        : Initializing Servlet 'dispatcherServlet'
2023-09-21 11:09:52.179 DEBUG 19448 --- [http-nio-8080-exec-1] o.s.web.servlet.DispatcherServlet        : Detected StandardServletMultipartResolver
2023-09-21 11:09:52.179 DEBUG 19448 --- [http-nio-8080-exec-1] o.s.web.servlet.DispatcherServlet        : Detected AcceptHeaderLocaleResolver
2023-09-21 11:09:52.179 DEBUG 19448 --- [http-nio-8080-exec-1] o.s.web.servlet.DispatcherServlet        : Detected FixedThemeResolver
2023-09-21 11:09:52.181 DEBUG 19448 --- [http-nio-8080-exec-1] o.s.web.servlet.DispatcherServlet        : Detected org.springframework.web.servlet.view.DefaultRequestToViewNameTranslator@acf51c8
2023-09-21 11:09:52.181 DEBUG 19448 --- [http-nio-8080-exec-1] o.s.web.servlet.DispatcherServlet        : Detected org.springframework.web.servlet.support.SessionFlashMapManager@60618b50
2023-09-21 11:09:52.181 DEBUG 19448 --- [http-nio-8080-exec-1] o.s.web.servlet.DispatcherServlet        : enableLoggingRequestDetails='false': request parameters and headers will be masked to prevent unsafe logging of potentially sensitive data
2023-09-21 11:09:52.182  INFO 19448 --- [http-nio-8080-exec-1] o.s.web.servlet.DispatcherServlet        : Completed initialization in 3 ms
2023-09-21 11:09:52.200 DEBUG 19448 --- [http-nio-8080-exec-1] o.s.web.servlet.DispatcherServlet        : POST "/api/v1/register", parameters={}
2023-09-21 11:09:52.203 DEBUG 19448 --- [http-nio-8080-exec-1] s.w.s.m.m.a.RequestMappingHandlerMapping : Mapped to DSTA.Security.LoginSecurity.Controller.UserController#register(UserRegisterDto)
2023-09-21 11:09:52.256 DEBUG 19448 --- [http-nio-8080-exec-1] m.m.a.RequestResponseBodyMethodProcessor : Read "application/json;charset=UTF-8" to [DSTA.Security.LoginSecurity.Dto.UserRegisterDto@4f04a251]
2023-09-21 11:09:52.316 DEBUG 19448 --- [http-nio-8080-exec-1] m.m.a.RequestResponseBodyMethodProcessor : Using 'application/json', given [*/*] and supported [application/json, application/*+json, application/json, application/*+json]
2023-09-21 11:09:52.317 DEBUG 19448 --- [http-nio-8080-exec-1] m.m.a.RequestResponseBodyMethodProcessor : Writing [DSTA.Security.LoginSecurity.Entity.response.DataResponse@7d0e237d]
2023-09-21 11:09:52.324 DEBUG 19448 --- [http-nio-8080-exec-1] o.s.web.servlet.DispatcherServlet        : Completed 200 OK
2023-09-21 11:10:16.735 DEBUG 19448 --- [http-nio-8080-exec-2] o.s.web.servlet.DispatcherServlet        : POST "/api/v1/login", parameters={}
2023-09-21 11:10:16.735 DEBUG 19448 --- [http-nio-8080-exec-2] s.w.s.m.m.a.RequestMappingHandlerMapping : Mapped to DSTA.Security.LoginSecurity.Controller.UserController#login(UserLogin)
2023-09-21 11:10:16.737 DEBUG 19448 --- [http-nio-8080-exec-2] m.m.a.RequestResponseBodyMethodProcessor : Read "application/json;charset=UTF-8" to [DSTA.Security.LoginSecurity.Dto.UserLogin@40802646]
2023-09-21 11:10:16.852 DEBUG 19448 --- [http-nio-8080-exec-2] org.hibernate.SQL                        : select userentity0_.id as id1_0_, userentity0_.authority as authorit2_0_, userentity0_.date as date3_0_, userentity0_.email as email4_0_, userentity0_.name as name5_0_, userentity0_.password as password6_0_, userentity0_.tel as tel7_0_, userentity0_.user_name as user_nam8_0_ from user userentity0_ where userentity0_.user_name=?
2023-09-21 11:10:16.891 DEBUG 19448 --- [http-nio-8080-exec-2] m.m.a.RequestResponseBodyMethodProcessor : Using 'application/json', given [*/*] and supported [application/json, application/*+json, application/json, application/*+json]
2023-09-21 11:10:16.892 DEBUG 19448 --- [http-nio-8080-exec-2] m.m.a.RequestResponseBodyMethodProcessor : Writing [DSTA.Security.LoginSecurity.Entity.response.DataResponse@493be8ce]
2023-09-21 11:10:16.892 DEBUG 19448 --- [http-nio-8080-exec-2] o.s.web.servlet.DispatcherServlet        : Completed 200 OK
2023-09-21 12:07:43.059 DEBUG 14632 --- [restartedMain] o.springframework.web.filter.CorsFilter  : Filter 'corsFilter' configured for use
2023-09-21 12:07:43.433 DEBUG 14632 --- [restartedMain] s.w.s.m.m.a.RequestMappingHandlerAdapter : ControllerAdvice beans: 0 @ModelAttribute, 0 @InitBinder, 1 RequestBodyAdvice, 1 ResponseBodyAdvice
2023-09-21 12:07:43.500 DEBUG 14632 --- [restartedMain] s.w.s.m.m.a.RequestMappingHandlerMapping : 4 mappings in 'requestMappingHandlerMapping'
2023-09-21 12:07:43.526 DEBUG 14632 --- [restartedMain] o.s.w.s.handler.SimpleUrlHandlerMapping  : Patterns [/webjars/**, /**] in 'resourceHandlerMapping'
2023-09-21 12:07:43.535 DEBUG 14632 --- [restartedMain] .m.m.a.ExceptionHandlerExceptionResolver : ControllerAdvice beans: 0 @ExceptionHandler, 1 ResponseBodyAdvice
2023-09-21 12:08:16.234  INFO 14632 --- [http-nio-8080-exec-2] o.s.web.servlet.DispatcherServlet        : Initializing Servlet 'dispatcherServlet'
2023-09-21 12:08:16.235 DEBUG 14632 --- [http-nio-8080-exec-2] o.s.web.servlet.DispatcherServlet        : Detected StandardServletMultipartResolver
2023-09-21 12:08:16.235 DEBUG 14632 --- [http-nio-8080-exec-2] o.s.web.servlet.DispatcherServlet        : Detected AcceptHeaderLocaleResolver
2023-09-21 12:08:16.235 DEBUG 14632 --- [http-nio-8080-exec-2] o.s.web.servlet.DispatcherServlet        : Detected FixedThemeResolver
2023-09-21 12:08:16.236 DEBUG 14632 --- [http-nio-8080-exec-2] o.s.web.servlet.DispatcherServlet        : Detected org.springframework.web.servlet.view.DefaultRequestToViewNameTranslator@18da7566
2023-09-21 12:08:16.237 DEBUG 14632 --- [http-nio-8080-exec-2] o.s.web.servlet.DispatcherServlet        : Detected org.springframework.web.servlet.support.SessionFlashMapManager@7923bf93
2023-09-21 12:08:16.237 DEBUG 14632 --- [http-nio-8080-exec-2] o.s.web.servlet.DispatcherServlet        : enableLoggingRequestDetails='false': request parameters and headers will be masked to prevent unsafe logging of potentially sensitive data
2023-09-21 12:08:16.237  INFO 14632 --- [http-nio-8080-exec-2] o.s.web.servlet.DispatcherServlet        : Completed initialization in 2 ms
2023-09-21 12:08:16.254 DEBUG 14632 --- [http-nio-8080-exec-2] o.s.web.servlet.DispatcherServlet        : POST "/api/v1/login", parameters={}
2023-09-21 12:08:16.257 DEBUG 14632 --- [http-nio-8080-exec-2] s.w.s.m.m.a.RequestMappingHandlerMapping : Mapped to DSTA.Security.LoginSecurity.Controller.UserController#login(UserLogin)
2023-09-21 12:08:16.313 DEBUG 14632 --- [http-nio-8080-exec-2] m.m.a.RequestResponseBodyMethodProcessor : Read "application/json;charset=UTF-8" to [DSTA.Security.LoginSecurity.Dto.UserLogin@4b390444]
2023-09-21 12:08:16.405 DEBUG 14632 --- [http-nio-8080-exec-2] org.hibernate.SQL                        : select userentity0_.id as id1_0_, userentity0_.authority as authorit2_0_, userentity0_.date as date3_0_, userentity0_.email as email4_0_, userentity0_.name as name5_0_, userentity0_.password as password6_0_, userentity0_.tel as tel7_0_, userentity0_.user_name as user_nam8_0_ from user userentity0_ where userentity0_.user_name=?
2023-09-21 12:08:16.467 DEBUG 14632 --- [http-nio-8080-exec-2] m.m.a.RequestResponseBodyMethodProcessor : Using 'application/json', given [*/*] and supported [application/json, application/*+json, application/json, application/*+json]
2023-09-21 12:08:16.467 DEBUG 14632 --- [http-nio-8080-exec-2] m.m.a.RequestResponseBodyMethodProcessor : Writing [DSTA.Security.LoginSecurity.Entity.response.DataResponse@4b04d46]
2023-09-21 12:08:16.476 DEBUG 14632 --- [http-nio-8080-exec-2] o.s.web.servlet.DispatcherServlet        : Completed 200 OK
2023-09-21 12:08:48.836 DEBUG 14632 --- [http-nio-8080-exec-4] o.s.web.servlet.DispatcherServlet        : POST "/api/v1/login", parameters={}
2023-09-21 12:08:48.837 DEBUG 14632 --- [http-nio-8080-exec-4] s.w.s.m.m.a.RequestMappingHandlerMapping : Mapped to DSTA.Security.LoginSecurity.Controller.UserController#login(UserLogin)
2023-09-21 12:08:48.838 DEBUG 14632 --- [http-nio-8080-exec-4] m.m.a.RequestResponseBodyMethodProcessor : Read "application/json;charset=UTF-8" to [DSTA.Security.LoginSecurity.Dto.UserLogin@69e9c9c2]
2023-09-21 12:09:57.587 DEBUG 14632 --- [http-nio-8080-exec-4] org.hibernate.SQL                        : select userentity0_.id as id1_0_, userentity0_.authority as authorit2_0_, userentity0_.date as date3_0_, userentity0_.email as email4_0_, userentity0_.name as name5_0_, userentity0_.password as password6_0_, userentity0_.tel as tel7_0_, userentity0_.user_name as user_nam8_0_ from user userentity0_ where userentity0_.user_name=?
2023-09-21 12:10:47.031 DEBUG 14632 --- [http-nio-8080-exec-4] m.m.a.RequestResponseBodyMethodProcessor : Using 'application/json', given [*/*] and supported [application/json, application/*+json, application/json, application/*+json]
2023-09-21 12:10:47.031 DEBUG 14632 --- [http-nio-8080-exec-4] m.m.a.RequestResponseBodyMethodProcessor : Writing [DSTA.Security.LoginSecurity.Entity.response.DataResponse@5de73563]
2023-09-21 12:10:47.034 DEBUG 14632 --- [http-nio-8080-exec-4] o.s.web.servlet.DispatcherServlet        : Completed 200 OK
2023-09-21 12:10:55.016 DEBUG 12164 --- [restartedMain] o.springframework.web.filter.CorsFilter  : Filter 'corsFilter' configured for use
2023-09-21 12:10:55.333 DEBUG 12164 --- [restartedMain] s.w.s.m.m.a.RequestMappingHandlerAdapter : ControllerAdvice beans: 0 @ModelAttribute, 0 @InitBinder, 1 RequestBodyAdvice, 1 ResponseBodyAdvice
2023-09-21 12:10:55.389 DEBUG 12164 --- [restartedMain] s.w.s.m.m.a.RequestMappingHandlerMapping : 4 mappings in 'requestMappingHandlerMapping'
2023-09-21 12:10:55.409 DEBUG 12164 --- [restartedMain] o.s.w.s.handler.SimpleUrlHandlerMapping  : Patterns [/webjars/**, /**] in 'resourceHandlerMapping'
2023-09-21 12:10:55.417 DEBUG 12164 --- [restartedMain] .m.m.a.ExceptionHandlerExceptionResolver : ControllerAdvice beans: 0 @ExceptionHandler, 1 ResponseBodyAdvice
2023-09-21 12:10:56.756  INFO 12164 --- [http-nio-8080-exec-4] o.s.web.servlet.DispatcherServlet        : Initializing Servlet 'dispatcherServlet'
2023-09-21 12:10:56.756 DEBUG 12164 --- [http-nio-8080-exec-4] o.s.web.servlet.DispatcherServlet        : Detected StandardServletMultipartResolver
2023-09-21 12:10:56.756 DEBUG 12164 --- [http-nio-8080-exec-4] o.s.web.servlet.DispatcherServlet        : Detected AcceptHeaderLocaleResolver
2023-09-21 12:10:56.756 DEBUG 12164 --- [http-nio-8080-exec-4] o.s.web.servlet.DispatcherServlet        : Detected FixedThemeResolver
2023-09-21 12:10:56.757 DEBUG 12164 --- [http-nio-8080-exec-4] o.s.web.servlet.DispatcherServlet        : Detected org.springframework.web.servlet.view.DefaultRequestToViewNameTranslator@acf51c8
2023-09-21 12:10:56.757 DEBUG 12164 --- [http-nio-8080-exec-4] o.s.web.servlet.DispatcherServlet        : Detected org.springframework.web.servlet.support.SessionFlashMapManager@60618b50
2023-09-21 12:10:56.757 DEBUG 12164 --- [http-nio-8080-exec-4] o.s.web.servlet.DispatcherServlet        : enableLoggingRequestDetails='false': request parameters and headers will be masked to prevent unsafe logging of potentially sensitive data
2023-09-21 12:10:56.757  INFO 12164 --- [http-nio-8080-exec-4] o.s.web.servlet.DispatcherServlet        : Completed initialization in 1 ms
2023-09-21 12:10:56.775 DEBUG 12164 --- [http-nio-8080-exec-4] o.s.web.servlet.DispatcherServlet        : POST "/api/v1/login", parameters={}
2023-09-21 12:10:56.778 DEBUG 12164 --- [http-nio-8080-exec-4] s.w.s.m.m.a.RequestMappingHandlerMapping : Mapped to DSTA.Security.LoginSecurity.Controller.UserController#login(UserLogin)
2023-09-21 12:10:56.824 DEBUG 12164 --- [http-nio-8080-exec-4] m.m.a.RequestResponseBodyMethodProcessor : Read "application/json;charset=UTF-8" to [DSTA.Security.LoginSecurity.Dto.UserLogin@261f065]
2023-09-21 12:16:43.792 DEBUG 12164 --- [http-nio-8080-exec-4] org.hibernate.SQL                        : select userentity0_.id as id1_0_, userentity0_.authority as authorit2_0_, userentity0_.date as date3_0_, userentity0_.email as email4_0_, userentity0_.name as name5_0_, userentity0_.password as password6_0_, userentity0_.tel as tel7_0_, userentity0_.user_name as user_nam8_0_ from user userentity0_ where userentity0_.user_name=?
2023-09-21 12:17:29.467 DEBUG 12164 --- [http-nio-8080-exec-4] m.m.a.RequestResponseBodyMethodProcessor : Using 'application/json', given [*/*] and supported [application/json, application/*+json, application/json, application/*+json]
2023-09-21 12:17:29.469 DEBUG 12164 --- [http-nio-8080-exec-4] m.m.a.RequestResponseBodyMethodProcessor : Writing [DSTA.Security.LoginSecurity.Entity.response.DataResponse@27803fdc]
2023-09-21 12:17:31.845 DEBUG 12164 --- [http-nio-8080-exec-4] o.s.web.servlet.DispatcherServlet        : Completed 200 OK
2023-09-21 12:55:57.822 DEBUG 12164 --- [http-nio-8080-exec-5] o.s.web.servlet.DispatcherServlet        : POST "/api/v1/login", parameters={}
2023-09-21 12:55:57.836 DEBUG 12164 --- [http-nio-8080-exec-5] s.w.s.m.m.a.RequestMappingHandlerMapping : Mapped to DSTA.Security.LoginSecurity.Controller.UserController#login(UserLogin)
2023-09-21 12:55:57.854 DEBUG 12164 --- [http-nio-8080-exec-5] m.m.a.RequestResponseBodyMethodProcessor : Read "application/json;charset=UTF-8" to [DSTA.Security.LoginSecurity.Dto.UserLogin@4e18730c]
2023-09-21 12:55:57.926 DEBUG 12164 --- [http-nio-8080-exec-5] org.hibernate.SQL                        : select userentity0_.id as id1_0_, userentity0_.authority as authorit2_0_, userentity0_.date as date3_0_, userentity0_.email as email4_0_, userentity0_.name as name5_0_, userentity0_.password as password6_0_, userentity0_.tel as tel7_0_, userentity0_.user_name as user_nam8_0_ from user userentity0_ where userentity0_.user_name=?
2023-09-21 12:55:57.961 DEBUG 12164 --- [http-nio-8080-exec-5] m.m.a.RequestResponseBodyMethodProcessor : Using 'application/json', given [*/*] and supported [application/json, application/*+json, application/json, application/*+json]
2023-09-21 12:55:57.961 DEBUG 12164 --- [http-nio-8080-exec-5] m.m.a.RequestResponseBodyMethodProcessor : Writing [DSTA.Security.LoginSecurity.Entity.response.DataResponse@7e1adedc]
2023-09-21 12:55:57.967 DEBUG 12164 --- [http-nio-8080-exec-5] o.s.web.servlet.DispatcherServlet        : Completed 200 OK
2023-09-21 13:00:30.246 DEBUG 4416 --- [restartedMain] o.springframework.web.filter.CorsFilter  : Filter 'corsFilter' configured for use
2023-09-21 13:00:30.582 DEBUG 4416 --- [restartedMain] s.w.s.m.m.a.RequestMappingHandlerAdapter : ControllerAdvice beans: 0 @ModelAttribute, 0 @InitBinder, 1 RequestBodyAdvice, 1 ResponseBodyAdvice
2023-09-21 13:00:30.632 DEBUG 4416 --- [restartedMain] s.w.s.m.m.a.RequestMappingHandlerMapping : 4 mappings in 'requestMappingHandlerMapping'
2023-09-21 13:00:30.653 DEBUG 4416 --- [restartedMain] o.s.w.s.handler.SimpleUrlHandlerMapping  : Patterns [/webjars/**, /**] in 'resourceHandlerMapping'
2023-09-21 13:00:30.661 DEBUG 4416 --- [restartedMain] .m.m.a.ExceptionHandlerExceptionResolver : ControllerAdvice beans: 0 @ExceptionHandler, 1 ResponseBodyAdvice
2023-09-21 13:00:34.070  INFO 4416 --- [http-nio-8080-exec-2] o.s.web.servlet.DispatcherServlet        : Initializing Servlet 'dispatcherServlet'
2023-09-21 13:00:34.070 DEBUG 4416 --- [http-nio-8080-exec-2] o.s.web.servlet.DispatcherServlet        : Detected StandardServletMultipartResolver
2023-09-21 13:00:34.071 DEBUG 4416 --- [http-nio-8080-exec-2] o.s.web.servlet.DispatcherServlet        : Detected AcceptHeaderLocaleResolver
2023-09-21 13:00:34.071 DEBUG 4416 --- [http-nio-8080-exec-2] o.s.web.servlet.DispatcherServlet        : Detected FixedThemeResolver
2023-09-21 13:00:34.071 DEBUG 4416 --- [http-nio-8080-exec-2] o.s.web.servlet.DispatcherServlet        : Detected org.springframework.web.servlet.view.DefaultRequestToViewNameTranslator@1f0507ce
2023-09-21 13:00:34.071 DEBUG 4416 --- [http-nio-8080-exec-2] o.s.web.servlet.DispatcherServlet        : Detected org.springframework.web.servlet.support.SessionFlashMapManager@a398a6d
2023-09-21 13:00:34.071 DEBUG 4416 --- [http-nio-8080-exec-2] o.s.web.servlet.DispatcherServlet        : enableLoggingRequestDetails='false': request parameters and headers will be masked to prevent unsafe logging of potentially sensitive data
2023-09-21 13:00:34.072  INFO 4416 --- [http-nio-8080-exec-2] o.s.web.servlet.DispatcherServlet        : Completed initialization in 2 ms
2023-09-21 13:00:34.092 DEBUG 4416 --- [http-nio-8080-exec-2] o.s.web.servlet.DispatcherServlet        : POST "/api/v1/login", parameters={}
2023-09-21 13:00:34.095 DEBUG 4416 --- [http-nio-8080-exec-2] s.w.s.m.m.a.RequestMappingHandlerMapping : Mapped to DSTA.Security.LoginSecurity.Controller.UserController#login(UserLogin)
2023-09-21 13:00:34.137 DEBUG 4416 --- [http-nio-8080-exec-2] m.m.a.RequestResponseBodyMethodProcessor : Read "application/json;charset=UTF-8" to [DSTA.Security.LoginSecurity.Dto.UserLogin@17da139e]
2023-09-21 13:00:34.223 DEBUG 4416 --- [http-nio-8080-exec-2] org.hibernate.SQL                        : select userentity0_.id as id1_0_, userentity0_.authority as authorit2_0_, userentity0_.date as date3_0_, userentity0_.email as email4_0_, userentity0_.name as name5_0_, userentity0_.password as password6_0_, userentity0_.tel as tel7_0_, userentity0_.user_name as user_nam8_0_ from user userentity0_ where userentity0_.user_name=?
2023-09-21 13:00:34.257 DEBUG 4416 --- [http-nio-8080-exec-2] m.m.a.RequestResponseBodyMethodProcessor : Using 'application/json', given [*/*] and supported [application/json, application/*+json, application/json, application/*+json]
2023-09-21 13:00:34.258 DEBUG 4416 --- [http-nio-8080-exec-2] m.m.a.RequestResponseBodyMethodProcessor : Writing [DSTA.Security.LoginSecurity.Entity.response.DataResponse@74f3f34b]
2023-09-21 13:00:34.265 DEBUG 4416 --- [http-nio-8080-exec-2] o.s.web.servlet.DispatcherServlet        : Completed 200 OK
2023-09-21 13:06:38.416 DEBUG 4416 --- [http-nio-8080-exec-5] o.s.web.servlet.DispatcherServlet        : POST "/api/v1/login", parameters={}
2023-09-21 13:06:38.418 DEBUG 4416 --- [http-nio-8080-exec-5] s.w.s.m.m.a.RequestMappingHandlerMapping : Mapped to DSTA.Security.LoginSecurity.Controller.UserController#login(UserLogin)
2023-09-21 13:06:38.419 DEBUG 4416 --- [http-nio-8080-exec-5] m.m.a.RequestResponseBodyMethodProcessor : Read "application/json;charset=UTF-8" to [DSTA.Security.LoginSecurity.Dto.UserLogin@2f3f8687]
2023-09-21 13:06:38.420 DEBUG 4416 --- [http-nio-8080-exec-5] org.hibernate.SQL                        : select userentity0_.id as id1_0_, userentity0_.authority as authorit2_0_, userentity0_.date as date3_0_, userentity0_.email as email4_0_, userentity0_.name as name5_0_, userentity0_.password as password6_0_, userentity0_.tel as tel7_0_, userentity0_.user_name as user_nam8_0_ from user userentity0_ where userentity0_.user_name=?
2023-09-21 13:06:38.422 DEBUG 4416 --- [http-nio-8080-exec-5] m.m.a.RequestResponseBodyMethodProcessor : Using 'application/json', given [*/*] and supported [application/json, application/*+json, application/json, application/*+json]
2023-09-21 13:06:38.422 DEBUG 4416 --- [http-nio-8080-exec-5] m.m.a.RequestResponseBodyMethodProcessor : Writing [DSTA.Security.LoginSecurity.Entity.response.DataResponse@5d5a6bfd]
2023-09-21 13:06:38.423 DEBUG 4416 --- [http-nio-8080-exec-5] o.s.web.servlet.DispatcherServlet        : Completed 200 OK
2023-09-21 13:06:44.882 DEBUG 11080 --- [restartedMain] o.springframework.web.filter.CorsFilter  : Filter 'corsFilter' configured for use
2023-09-21 13:06:45.243 DEBUG 11080 --- [restartedMain] s.w.s.m.m.a.RequestMappingHandlerAdapter : ControllerAdvice beans: 0 @ModelAttribute, 0 @InitBinder, 1 RequestBodyAdvice, 1 ResponseBodyAdvice
2023-09-21 13:06:45.305 DEBUG 11080 --- [restartedMain] s.w.s.m.m.a.RequestMappingHandlerMapping : 4 mappings in 'requestMappingHandlerMapping'
2023-09-21 13:06:45.323 DEBUG 11080 --- [restartedMain] o.s.w.s.handler.SimpleUrlHandlerMapping  : Patterns [/webjars/**, /**] in 'resourceHandlerMapping'
2023-09-21 13:06:45.330 DEBUG 11080 --- [restartedMain] .m.m.a.ExceptionHandlerExceptionResolver : ControllerAdvice beans: 0 @ExceptionHandler, 1 ResponseBodyAdvice
2023-09-21 13:06:53.531  INFO 11080 --- [http-nio-8080-exec-2] o.s.web.servlet.DispatcherServlet        : Initializing Servlet 'dispatcherServlet'
2023-09-21 13:06:53.532 DEBUG 11080 --- [http-nio-8080-exec-2] o.s.web.servlet.DispatcherServlet        : Detected StandardServletMultipartResolver
2023-09-21 13:06:53.532 DEBUG 11080 --- [http-nio-8080-exec-2] o.s.web.servlet.DispatcherServlet        : Detected AcceptHeaderLocaleResolver
2023-09-21 13:06:53.532 DEBUG 11080 --- [http-nio-8080-exec-2] o.s.web.servlet.DispatcherServlet        : Detected FixedThemeResolver
2023-09-21 13:06:53.532 DEBUG 11080 --- [http-nio-8080-exec-2] o.s.web.servlet.DispatcherServlet        : Detected org.springframework.web.servlet.view.DefaultRequestToViewNameTranslator@2ef5f35c
2023-09-21 13:06:53.533 DEBUG 11080 --- [http-nio-8080-exec-2] o.s.web.servlet.DispatcherServlet        : Detected org.springframework.web.servlet.support.SessionFlashMapManager@4f03ee9
2023-09-21 13:06:53.533 DEBUG 11080 --- [http-nio-8080-exec-2] o.s.web.servlet.DispatcherServlet        : enableLoggingRequestDetails='false': request parameters and headers will be masked to prevent unsafe logging of potentially sensitive data
2023-09-21 13:06:53.533  INFO 11080 --- [http-nio-8080-exec-2] o.s.web.servlet.DispatcherServlet        : Completed initialization in 1 ms
2023-09-21 13:06:53.551 DEBUG 11080 --- [http-nio-8080-exec-2] o.s.web.servlet.DispatcherServlet        : POST "/api/v1/login", parameters={}
2023-09-21 13:06:53.554 DEBUG 11080 --- [http-nio-8080-exec-2] s.w.s.m.m.a.RequestMappingHandlerMapping : Mapped to DSTA.Security.LoginSecurity.Controller.UserController#login(UserLogin)
2023-09-21 13:06:53.620 DEBUG 11080 --- [http-nio-8080-exec-2] m.m.a.RequestResponseBodyMethodProcessor : Read "application/json;charset=UTF-8" to [DSTA.Security.LoginSecurity.Dto.UserLogin@f97943b]
2023-09-21 13:07:07.449 DEBUG 11080 --- [http-nio-8080-exec-2] org.hibernate.SQL                        : select userentity0_.id as id1_0_, userentity0_.authority as authorit2_0_, userentity0_.date as date3_0_, userentity0_.email as email4_0_, userentity0_.name as name5_0_, userentity0_.password as password6_0_, userentity0_.tel as tel7_0_, userentity0_.user_name as user_nam8_0_ from user userentity0_ where userentity0_.user_name=?
2023-09-21 13:09:19.253 DEBUG 11080 --- [http-nio-8080-exec-2] m.m.a.RequestResponseBodyMethodProcessor : Using 'application/json', given [*/*] and supported [application/json, application/*+json, application/json, application/*+json]
2023-09-21 13:09:19.253 DEBUG 11080 --- [http-nio-8080-exec-2] m.m.a.RequestResponseBodyMethodProcessor : Writing [DSTA.Security.LoginSecurity.Entity.response.DataResponse@4446d02a]
2023-09-21 13:09:19.261 DEBUG 11080 --- [http-nio-8080-exec-2] o.s.web.servlet.DispatcherServlet        : Completed 200 OK
2023-09-21 13:09:21.352 DEBUG 11080 --- [http-nio-8080-exec-3] o.s.web.servlet.DispatcherServlet        : POST "/api/v1/login", parameters={}
2023-09-21 13:09:21.353 DEBUG 11080 --- [http-nio-8080-exec-3] s.w.s.m.m.a.RequestMappingHandlerMapping : Mapped to DSTA.Security.LoginSecurity.Controller.UserController#login(UserLogin)
2023-09-21 13:09:21.355 DEBUG 11080 --- [http-nio-8080-exec-3] m.m.a.RequestResponseBodyMethodProcessor : Read "application/json;charset=UTF-8" to [DSTA.Security.LoginSecurity.Dto.UserLogin@5a3693fe]
2023-09-21 13:09:38.569 DEBUG 11080 --- [http-nio-8080-exec-3] org.hibernate.SQL                        : select userentity0_.id as id1_0_, userentity0_.authority as authorit2_0_, userentity0_.date as date3_0_, userentity0_.email as email4_0_, userentity0_.name as name5_0_, userentity0_.password as password6_0_, userentity0_.tel as tel7_0_, userentity0_.user_name as user_nam8_0_ from user userentity0_ where userentity0_.user_name=?
2023-09-21 13:10:10.377 DEBUG 11080 --- [http-nio-8080-exec-3] m.m.a.RequestResponseBodyMethodProcessor : Using 'application/json', given [*/*] and supported [application/json, application/*+json, application/json, application/*+json]
2023-09-21 13:10:10.378 DEBUG 11080 --- [http-nio-8080-exec-3] m.m.a.RequestResponseBodyMethodProcessor : Writing [DSTA.Security.LoginSecurity.Entity.response.DataResponse@18ba9436]
2023-09-21 13:10:10.378 DEBUG 11080 --- [http-nio-8080-exec-3] o.s.web.servlet.DispatcherServlet        : Completed 200 OK
2023-09-21 13:10:14.741 DEBUG 11080 --- [http-nio-8080-exec-4] o.s.web.servlet.DispatcherServlet        : POST "/api/v1/login", parameters={}
2023-09-21 13:10:14.741 DEBUG 11080 --- [http-nio-8080-exec-4] s.w.s.m.m.a.RequestMappingHandlerMapping : Mapped to DSTA.Security.LoginSecurity.Controller.UserController#login(UserLogin)
2023-09-21 13:10:14.742 DEBUG 11080 --- [http-nio-8080-exec-4] m.m.a.RequestResponseBodyMethodProcessor : Read "application/json;charset=UTF-8" to [DSTA.Security.LoginSecurity.Dto.UserLogin@32086ae3]
2023-09-21 13:10:29.914 DEBUG 11080 --- [http-nio-8080-exec-4] org.hibernate.SQL                        : select userentity0_.id as id1_0_, userentity0_.authority as authorit2_0_, userentity0_.date as date3_0_, userentity0_.email as email4_0_, userentity0_.name as name5_0_, userentity0_.password as password6_0_, userentity0_.tel as tel7_0_, userentity0_.user_name as user_nam8_0_ from user userentity0_ where userentity0_.user_name=?
2023-09-21 13:10:34.919 DEBUG 11080 --- [http-nio-8080-exec-4] m.m.a.RequestResponseBodyMethodProcessor : Using 'application/json', given [*/*] and supported [application/json, application/*+json, application/json, application/*+json]
2023-09-21 13:10:34.920 DEBUG 11080 --- [http-nio-8080-exec-4] m.m.a.RequestResponseBodyMethodProcessor : Writing [DSTA.Security.LoginSecurity.Entity.response.DataResponse@743e7441]
2023-09-21 13:10:34.922 DEBUG 11080 --- [http-nio-8080-exec-4] o.s.web.servlet.DispatcherServlet        : Completed 200 OK
2023-09-21 13:10:56.526 DEBUG 11080 --- [http-nio-8080-exec-7] o.s.web.servlet.DispatcherServlet        : POST "/api/v1/login", parameters={}
2023-09-21 13:10:56.526 DEBUG 11080 --- [http-nio-8080-exec-7] s.w.s.m.m.a.RequestMappingHandlerMapping : Mapped to DSTA.Security.LoginSecurity.Controller.UserController#login(UserLogin)
2023-09-21 13:10:56.527 DEBUG 11080 --- [http-nio-8080-exec-7] m.m.a.RequestResponseBodyMethodProcessor : Read "application/json;charset=UTF-8" to [DSTA.Security.LoginSecurity.Dto.UserLogin@5fc6f0e1]
2023-09-21 13:10:58.307 DEBUG 11080 --- [http-nio-8080-exec-7] org.hibernate.SQL                        : select userentity0_.id as id1_0_, userentity0_.authority as authorit2_0_, userentity0_.date as date3_0_, userentity0_.email as email4_0_, userentity0_.name as name5_0_, userentity0_.password as password6_0_, userentity0_.tel as tel7_0_, userentity0_.user_name as user_nam8_0_ from user userentity0_ where userentity0_.user_name=?
2023-09-21 13:10:58.312 DEBUG 11080 --- [http-nio-8080-exec-7] m.m.a.RequestResponseBodyMethodProcessor : Using 'application/json', given [*/*] and supported [application/json, application/*+json, application/json, application/*+json]
2023-09-21 13:10:58.312 DEBUG 11080 --- [http-nio-8080-exec-7] m.m.a.RequestResponseBodyMethodProcessor : Writing [DSTA.Security.LoginSecurity.Entity.response.DataResponse@25710d97]
2023-09-21 13:10:58.313 DEBUG 11080 --- [http-nio-8080-exec-7] o.s.web.servlet.DispatcherServlet        : Completed 200 OK
2023-09-21 13:14:15.203 DEBUG 11080 --- [http-nio-8080-exec-5] o.s.web.servlet.DispatcherServlet        : POST "/api/v1/login", parameters={}
2023-09-21 13:14:15.204 DEBUG 11080 --- [http-nio-8080-exec-5] s.w.s.m.m.a.RequestMappingHandlerMapping : Mapped to DSTA.Security.LoginSecurity.Controller.UserController#login(UserLogin)
2023-09-21 13:14:15.205 DEBUG 11080 --- [http-nio-8080-exec-5] m.m.a.RequestResponseBodyMethodProcessor : Read "application/json;charset=UTF-8" to [DSTA.Security.LoginSecurity.Dto.UserLogin@22e895c6]
2023-09-21 13:14:18.039 DEBUG 11080 --- [http-nio-8080-exec-5] org.hibernate.SQL                        : select userentity0_.id as id1_0_, userentity0_.authority as authorit2_0_, userentity0_.date as date3_0_, userentity0_.email as email4_0_, userentity0_.name as name5_0_, userentity0_.password as password6_0_, userentity0_.tel as tel7_0_, userentity0_.user_name as user_nam8_0_ from user userentity0_ where userentity0_.user_name=?
2023-09-21 13:14:18.045 DEBUG 11080 --- [http-nio-8080-exec-5] m.m.a.RequestResponseBodyMethodProcessor : Using 'application/json', given [*/*] and supported [application/json, application/*+json, application/json, application/*+json]
2023-09-21 13:14:18.045 DEBUG 11080 --- [http-nio-8080-exec-5] m.m.a.RequestResponseBodyMethodProcessor : Writing [DSTA.Security.LoginSecurity.Entity.response.DataResponse@12c8623a]
2023-09-21 13:14:18.045 DEBUG 11080 --- [http-nio-8080-exec-5] o.s.web.servlet.DispatcherServlet        : Completed 200 OK
